<?xml version="1.0" encoding="UTF-8"?>
<!-- Generated by org.testng.reporters.JUnitReportReporter -->
<testsuite skipped="0" hostname="DESKTOP-LO06SNH" name="POMselinium.VerifyLogin" tests="1" failures="0" timestamp="12 Apr 2022 09:29:46 GMT" time="48.078" errors="0">
  <testcase name="TestUser" time="48.078" classname="POMselinium.VerifyLogin"/>
</testsuite> <!-- POMselinium.VerifyLogin -->
